<?xml version="1.0" encoding="UTF-8"?>
<testsuite name="com.telran.selenium.LoginToWikipedia" tests="1" skipped="0" failures="0" errors="0" timestamp="2019-09-23T13:02:32" hostname="DESKTOP-F9966VI" time="7.995">
  <properties/>
  <testcase name="LoginTest" classname="com.telran.selenium.LoginToWikipedia" time="7.995"/>
  <system-out><![CDATA[]]></system-out>
  <system-err><![CDATA[]]></system-err>
</testsuite>
