<?xml version="1.0" encoding="UTF-8"?>
<testsuite name="com.telran.selenium.SearchWikiTest" tests="1" skipped="0" failures="0" errors="0" timestamp="2019-08-21T14:56:55" hostname="DESKTOP-F9966VI" time="17.205">
  <properties/>
  <testcase name="setUP" classname="com.telran.selenium.SearchWikiTest" time="17.205"/>
  <system-out><![CDATA[]]></system-out>
  <system-err><![CDATA[Starting ChromeDriver 76.0.3809.68 (420c9498db8ce8fcd190a954d51297672c1515d5-refs/branch-heads/3809@{#864}) on port 28297
Only local connections are allowed.
Please protect ports used by ChromeDriver and related test frameworks to prevent access by malicious code.
[1566399420.583][WARNING]: Timed out connecting to Chrome, retrying...
авг 21, 2019 5:57:02 PM org.openqa.selenium.remote.ProtocolHandshake createSession
INFO: Detected dialect: W3C
]]></system-err>
</testsuite>
