<?xml version="1.0" encoding="UTF-8"?>
<testsuite name="com.telran.selenium.SearchWikiTest" tests="1" skipped="0" failures="0" errors="0" timestamp="2019-08-22T15:29:29" hostname="DESKTOP-F9966VI" time="16.709">
  <properties/>
  <testcase name="setUP" classname="com.telran.selenium.SearchWikiTest" time="16.709"/>
  <system-out><![CDATA[]]></system-out>
  <system-err><![CDATA[Starting ChromeDriver 76.0.3809.68 (420c9498db8ce8fcd190a954d51297672c1515d5-refs/branch-heads/3809@{#864}) on port 34071
Only local connections are allowed.
Please protect ports used by ChromeDriver and related test frameworks to prevent access by malicious code.
[1566487773.429][WARNING]: Timed out connecting to Chrome, retrying...
авг 22, 2019 6:29:35 PM org.openqa.selenium.remote.ProtocolHandshake createSession
INFO: Detected dialect: W3C
]]></system-err>
</testsuite>
